[2021-09-11 21:33:36] local.ERROR: ::1 - "POST /api/examination/record" - 500 - InvalidArgumentException: Disk [links] does not have a configured driver. in C:\xampp\htdocs\hethongthi\vendor\laravel\framework\src\Illuminate\Filesystem\FilesystemManager.php:117
Stack trace:
#0 C:\xampp\htdocs\hethongthi\vendor\laravel\framework\src\Illuminate\Filesystem\FilesystemManager.php(101): Illuminate\Filesystem\FilesystemManager->resolve('links')
#1 C:\xampp\htdocs\hethongthi\vendor\laravel\framework\src\Illuminate\Filesystem\FilesystemManager.php(78): Illuminate\Filesystem\FilesystemManager->get('links')
#2 C:\xampp\htdocs\hethongthi\vendor\laravel\framework\src\Illuminate\Support\Facades\Facade.php(261): Illuminate\Filesystem\FilesystemManager->disk('links')
#3 C:\xampp\htdocs\hethongthi\app\Http\Helper\Api\Examination\Helper.php(44): Illuminate\Support\Facades\Facade::__callStatic('disk', Array)
#4 C:\xampp\htdocs\hethongthi\app\Http\Controllers\Api\Examination\ExaminationController.php(17): App\Http\Helper\Api\Examination\Helper->apiUploadRecord(Object(Illuminate\Http\Request))
#5 C:\xampp\htdocs\hethongthi\vendor\laravel\framework\src\Illuminate\Routing\Controller.php(54): App\Http\Controllers\Api\Examination\ExaminationController->api_upload_record(Object(Illuminate\Http\Request))
#6 C:\xampp\htdocs\hethongthi\vendor\laravel\framework\src\Illuminate\Routing\ControllerDispatcher.php(45): Illuminate\Routing\Controller->callAction('api_upload_reco...', Array)
#7 C:\xampp\htdocs\hethongthi\vendor\laravel\framework\src\Illuminate\Routing\Route.php(239): Illuminate\Routing\ControllerDispatcher->dispatch(Object(Illuminate\Routing\Route), Object(App\Http\Controllers\Api\Examination\ExaminationController), 'api_upload_reco...')
#8 C:\xampp\htdocs\hethongthi\vendor\laravel\framework\src\Illuminate\Routing\Route.php(196): Illuminate\Routing\Route->runController()
#9 C:\xampp\htdocs\hethongthi\vendor\laravel\framework\src\Illuminate\Routing\Router.php(685): Illuminate\Routing\Route->run()
#10 C:\xampp\htdocs\hethongthi\vendor\laravel\framework\src\Illuminate\Pipeline\Pipeline.php(128): Illuminate\Routing\Router->Illuminate\Routing\{closure}(Object(Illuminate\Http\Request))
#11 C:\xampp\htdocs\hethongthi\app\Http\Middleware\Blacklist.php(39): Illuminate\Pipeline\Pipeline->Illuminate\Pipeline\{closure}(Object(Illuminate\Http\Request))
#12 C:\xampp\htdocs\hethongthi\vendor\laravel\framework\src\Illuminate\Pipeline\Pipeline.php(167): App\Http\Middleware\Blacklist->handle(Object(Illuminate\Http\Request), Object(Closure))
#13 C:\xampp\htdocs\hethongthi\app\Http\Middleware\AuthenticateApi.php(73): Illuminate\Pipeline\Pipeline->Illuminate\Pipeline\{closure}(Object(Illuminate\Http\Request))
#14 C:\xampp\htdocs\hethongthi\vendor\laravel\framework\src\Illuminate\Pipeline\Pipeline.php(167): App\Http\Middleware\AuthenticateApi->handle(Object(Illuminate\Http\Request), Object(Closure))
#15 C:\xampp\htdocs\hethongthi\vendor\laravel\framework\src\Illuminate\Routing\Middleware\SubstituteBindings.php(41): Illuminate\Pipeline\Pipeline->Illuminate\Pipeline\{closure}(Object(Illuminate\Http\Request))
#16 C:\xampp\htdocs\hethongthi\vendor\laravel\framework\src\Illuminate\Pipeline\Pipeline.php(167): Illuminate\Routing\Middleware\SubstituteBindings->handle(Object(Illuminate\Http\Request), Object(Closure))
#17 C:\xampp\htdocs\hethongthi\vendor\laravel\framework\src\Illuminate\Pipeline\Pipeline.php(103): Illuminate\Pipeline\Pipeline->Illuminate\Pipeline\{closure}(Object(Illuminate\Http\Request))
#18 C:\xampp\htdocs\hethongthi\vendor\laravel\framework\src\Illuminate\Routing\Router.php(687): Illuminate\Pipeline\Pipeline->then(Object(Closure))
#19 C:\xampp\htdocs\hethongthi\vendor\laravel\framework\src\Illuminate\Routing\Router.php(662): Illuminate\Routing\Router->runRouteWithinStack(Object(Illuminate\Routing\Route), Object(Illuminate\Http\Request))
#20 C:\xampp\htdocs\hethongthi\vendor\laravel\framework\src\Illuminate\Routing\Router.php(628): Illuminate\Routing\Router->runRoute(Object(Illuminate\Http\Request), Object(Illuminate\Routing\Route))
#21 C:\xampp\htdocs\hethongthi\vendor\laravel\framework\src\Illuminate\Routing\Router.php(617): Illuminate\Routing\Router->dispatchToRoute(Object(Illuminate\Http\Request))
#22 C:\xampp\htdocs\hethongthi\vendor\laravel\framework\src\Illuminate\Foundation\Http\Kernel.php(165): Illuminate\Routing\Router->dispatch(Object(Illuminate\Http\Request))
#23 C:\xampp\htdocs\hethongthi\vendor\laravel\framework\src\Illuminate\Pipeline\Pipeline.php(128): Illuminate\Foundation\Http\Kernel->Illuminate\Foundation\Http\{closure}(Object(Illuminate\Http\Request))
#24 C:\xampp\htdocs\hethongthi\vendor\laravel\framework\src\Illuminate\Foundation\Http\Middleware\TransformsRequest.php(21): Illuminate\Pipeline\Pipeline->Illuminate\Pipeline\{closure}(Object(Illuminate\Http\Request))
#25 C:\xampp\htdocs\hethongthi\vendor\laravel\framework\src\Illuminate\Pipeline\Pipeline.php(167): Illuminate\Foundation\Http\Middleware\TransformsRequest->handle(Object(Illuminate\Http\Request), Object(Closure))
#26 C:\xampp\htdocs\hethongthi\vendor\laravel\framework\src\Illuminate\Foundation\Http\Middleware\TransformsRequest.php(21): Illuminate\Pipeline\Pipeline->Illuminate\Pipeline\{closure}(Object(Illuminate\Http\Request))
#27 C:\xampp\htdocs\hethongthi\vendor\laravel\framework\src\Illuminate\Pipeline\Pipeline.php(167): Illuminate\Foundation\Http\Middleware\TransformsRequest->handle(Object(Illuminate\Http\Request), Object(Closure))
#28 C:\xampp\htdocs\hethongthi\vendor\laravel\framework\src\Illuminate\Foundation\Http\Middleware\ValidatePostSize.php(27): Illuminate\Pipeline\Pipeline->Illuminate\Pipeline\{closure}(Object(Illuminate\Http\Request))
#29 C:\xampp\htdocs\hethongthi\vendor\laravel\framework\src\Illuminate\Pipeline\Pipeline.php(167): Illuminate\Foundation\Http\Middleware\ValidatePostSize->handle(Object(Illuminate\Http\Request), Object(Closure))
#30 C:\xampp\htdocs\hethongthi\vendor\laravel\framework\src\Illuminate\Foundation\Http\Middleware\CheckForMaintenanceMode.php(63): Illuminate\Pipeline\Pipeline->Illuminate\Pipeline\{closure}(Object(Illuminate\Http\Request))
#31 C:\xampp\htdocs\hethongthi\vendor\laravel\framework\src\Illuminate\Pipeline\Pipeline.php(167): Illuminate\Foundation\Http\Middleware\CheckForMaintenanceMode->handle(Object(Illuminate\Http\Request), Object(Closure))
#32 C:\xampp\htdocs\hethongthi\vendor\fideloper\proxy\src\TrustProxies.php(57): Illuminate\Pipeline\Pipeline->Illuminate\Pipeline\{closure}(Object(Illuminate\Http\Request))
#33 C:\xampp\htdocs\hethongthi\vendor\laravel\framework\src\Illuminate\Pipeline\Pipeline.php(167): Fideloper\Proxy\TrustProxies->handle(Object(Illuminate\Http\Request), Object(Closure))
#34 C:\xampp\htdocs\hethongthi\vendor\renatomarinho\laravel-page-speed\src\Middleware\PageSpeed.php(28): Illuminate\Pipeline\Pipeline->Illuminate\Pipeline\{closure}(Object(Illuminate\Http\Request))
#35 C:\xampp\htdocs\hethongthi\vendor\laravel\framework\src\Illuminate\Pipeline\Pipeline.php(167): RenatoMarinho\LaravelPageSpeed\Middleware\PageSpeed->handle(Object(Illuminate\Http\Request), Object(Closure))
#36 C:\xampp\htdocs\hethongthi\vendor\laravel\framework\src\Illuminate\Pipeline\Pipeline.php(103): Illuminate\Pipeline\Pipeline->Illuminate\Pipeline\{closure}(Object(Illuminate\Http\Request))
#37 C:\xampp\htdocs\hethongthi\vendor\laravel\framework\src\Illuminate\Foundation\Http\Kernel.php(140): Illuminate\Pipeline\Pipeline->then(Object(Closure))
#38 C:\xampp\htdocs\hethongthi\vendor\laravel\framework\src\Illuminate\Foundation\Http\Kernel.php(109): Illuminate\Foundation\Http\Kernel->sendRequestThroughRouter(Object(Illuminate\Http\Request))
#39 C:\xampp\htdocs\hethongthi\public\index.php(55): Illuminate\Foundation\Http\Kernel->handle(Object(Illuminate\Http\Request))
#40 {main}  
